04-26 17:30:41 - Server started at port 9000
04-26 17:31:09 - 404 GET / (::1) 2.01ms
04-26 17:31:10 - 404 GET /favicon.ico/ (::1) 0.00ms
04-26 17:31:37 - 404 GET / (::1) 1.00ms
04-26 17:33:50 - 404 GET / (::1) 0.50ms
04-26 17:36:19 - 200 GET /chat/? (::1) 1.00ms
04-26 17:38:03 - 404 GET / (::1) 1.00ms
04-26 17:38:13 - 200 GET /chat (::1) 1.00ms
04-26 17:59:38 - Server started at port 9000
04-26 18:05:28 - 304 GET /chat (::1) 2.01ms
04-26 18:05:37 - 200 GET /chat/ (::1) 1.00ms
04-26 18:06:11 - 304 GET /chat/ (::1) 0.00ms
04-26 18:06:13 - 304 GET /chat/ (::1) 0.00ms
04-26 18:06:25 - 404 GET / (::1) 0.00ms
04-26 18:06:34 - 404 GET / (::1) 0.50ms
04-26 18:14:06 - Server started at port 8180
04-26 18:14:21 - 200 GET /chat/info (127.0.0.1) 1.00ms
04-26 18:14:21 - user joined.
04-26 18:14:30 - vita: 1122334
04-26 18:14:38 - 200 GET /chat/info (127.0.0.1) 1.00ms
04-26 18:14:38 - user joined.
04-26 18:14:52 - vita: vita -> viva
